-------------------------------------------------------------------------------
Test set: petclinic.PetclinicApplicationTests
-------------------------------------------------------------------------------
Tests run: 1, Failures: 0, Errors: 1, Skipped: 0, Time elapsed: 0.388 s <<< FAILURE! - in petclinic.PetclinicApplicationTests
petclinic.PetclinicApplicationTests  Time elapsed: 0.386 s  <<< ERROR!
java.lang.IllegalStateException: Unable to find a @SpringBootConfiguration, you need to use @ContextConfiguration or @SpringBootTest(classes=...) with your test

